This is pdfTeX, Version 3.14159265-2.6-1.40.15 (TeX Live 2014) (preloaded format=pdflatex 2014.5.25)  17 JUN 2015 13:52
entering extended mode
 restricted \write18 enabled.
 file:line:error style messages enabled.
 %&-line parsing enabled.
**ArtifactSpikeSortingDraft1.tex
(./ArtifactSpikeSortingDraft1.tex
LaTeX2e <2014/05/01>
Babel <3.9k> and hyphenation patterns for 78 languages loaded.
(/usr/local/texlive/2014/texmf-dist/tex/latex/base/article.cls
Document Class: article 2007/10/19 v1.4h Standard LaTeX document class
(/usr/local/texlive/2014/texmf-dist/tex/latex/base/fleqn.clo
File: fleqn.clo 1998/08/17 v1.1c Standard LaTeX option (flush left equations)
\mathindent=\dimen102
)
(/usr/local/texlive/2014/texmf-dist/tex/latex/base/size12.clo
File: size12.clo 2007/10/19 v1.4h Standard LaTeX file (size option)
)
\c@part=\count79
\c@section=\count80
\c@subsection=\count81
\c@subsubsection=\count82
\c@paragraph=\count83
\c@subparagraph=\count84
\c@figure=\count85
\c@table=\count86
\abovecaptionskip=\skip41
\belowcaptionskip=\skip42
\bibindent=\dimen103
)
(/usr/local/texlive/2014/texmf-dist/tex/latex/amsfonts/amsfonts.sty
Package: amsfonts 2013/01/14 v3.01 Basic AMSFonts support
\@emptytoks=\toks14
\symAMSa=\mathgroup4
\symAMSb=\mathgroup5
LaTeX Font Info:    Overwriting math alphabet `\mathfrak' in version `bold'
(Font)                  U/euf/m/n --> U/euf/b/n on input line 106.
)
(/usr/local/texlive/2014/texmf-dist/tex/latex/amsmath/amsmath.sty
Package: amsmath 2013/01/14 v2.14 AMS math features
\@mathmargin=\skip43

For additional information on amsmath, use the `?' option.
(/usr/local/texlive/2014/texmf-dist/tex/latex/amsmath/amstext.sty
Package: amstext 2000/06/29 v2.01

(/usr/local/texlive/2014/texmf-dist/tex/latex/amsmath/amsgen.sty
File: amsgen.sty 1999/11/30 v2.0
\@emptytoks=\toks15
\ex@=\dimen104
))
(/usr/local/texlive/2014/texmf-dist/tex/latex/amsmath/amsbsy.sty
Package: amsbsy 1999/11/29 v1.2d
\pmbraise@=\dimen105
)
(/usr/local/texlive/2014/texmf-dist/tex/latex/amsmath/amsopn.sty
Package: amsopn 1999/12/14 v2.01 operator names
)
\inf@bad=\count87
LaTeX Info: Redefining \frac on input line 210.
\uproot@=\count88
\leftroot@=\count89
LaTeX Info: Redefining \overline on input line 306.
\classnum@=\count90
\DOTSCASE@=\count91
LaTeX Info: Redefining \ldots on input line 378.
LaTeX Info: Redefining \dots on input line 381.
LaTeX Info: Redefining \cdots on input line 466.
\Mathstrutbox@=\box26
\strutbox@=\box27
\big@size=\dimen106
LaTeX Font Info:    Redeclaring font encoding OML on input line 566.
LaTeX Font Info:    Redeclaring font encoding OMS on input line 567.
\macc@depth=\count92
\c@MaxMatrixCols=\count93
\dotsspace@=\muskip10
\c@parentequation=\count94
\dspbrk@lvl=\count95
\tag@help=\toks16
\row@=\count96
\column@=\count97
\maxfields@=\count98
\andhelp@=\toks17
\eqnshift@=\dimen107
\alignsep@=\dimen108
\tagshift@=\dimen109
\tagwidth@=\dimen110
\totwidth@=\dimen111
\lineht@=\dimen112
\@envbody=\toks18
\multlinegap=\skip44
\multlinetaggap=\skip45
\mathdisplay@stack=\toks19
LaTeX Info: Redefining \[ on input line 2665.
LaTeX Info: Redefining \] on input line 2666.
)
(/usr/local/texlive/2014/texmf-dist/tex/latex/amscls/amsthm.sty
Package: amsthm 2004/08/06 v2.20
\thm@style=\toks20
\thm@bodyfont=\toks21
\thm@headfont=\toks22
\thm@notefont=\toks23
\thm@headpunct=\toks24
\thm@preskip=\skip46
\thm@postskip=\skip47
\thm@headsep=\skip48
\dth@everypar=\toks25
)
(/usr/local/texlive/2014/texmf-dist/tex/latex/amsfonts/amssymb.sty
Package: amssymb 2013/01/14 v3.01 AMS font symbols
)
(/usr/local/texlive/2014/texmf-dist/tex/latex/preprint/fullpage.sty
Package: fullpage 1999/02/23 1.1 (PWD)
\FP@margin=\skip49
)
(/usr/local/texlive/2014/texmf-dist/tex/latex/graphics/graphicx.sty
Package: graphicx 2014/04/25 v1.0g Enhanced LaTeX Graphics (DPC,SPQR)

(/usr/local/texlive/2014/texmf-dist/tex/latex/graphics/keyval.sty
Package: keyval 2014/05/08 v1.15 key=value parser (DPC)
\KV@toks@=\toks26
)
(/usr/local/texlive/2014/texmf-dist/tex/latex/graphics/graphics.sty
Package: graphics 2009/02/05 v1.0o Standard LaTeX Graphics (DPC,SPQR)

(/usr/local/texlive/2014/texmf-dist/tex/latex/graphics/trig.sty
Package: trig 1999/03/16 v1.09 sin cos tan (DPC)
)
(/usr/local/texlive/2014/texmf-dist/tex/latex/latexconfig/graphics.cfg
File: graphics.cfg 2010/04/23 v1.9 graphics configuration of TeX Live
)
Package graphics Info: Driver file: pdftex.def on input line 91.

(/usr/local/texlive/2014/texmf-dist/tex/latex/pdftex-def/pdftex.def
File: pdftex.def 2011/05/27 v0.06d Graphics/color for pdfTeX

(/usr/local/texlive/2014/texmf-dist/tex/generic/oberdiek/infwarerr.sty
Package: infwarerr 2010/04/08 v1.3 Providing info/warning/error messages (HO)
)
(/usr/local/texlive/2014/texmf-dist/tex/generic/oberdiek/ltxcmds.sty
Package: ltxcmds 2011/11/09 v1.22 LaTeX kernel commands for general use (HO)
)
\Gread@gobject=\count99
))
\Gin@req@height=\dimen113
\Gin@req@width=\dimen114
)
(/usr/local/texlive/2014/texmf-dist/tex/latex/graphics/color.sty
Package: color 2014/04/23 v1.1a Standard LaTeX Color (DPC)

(/usr/local/texlive/2014/texmf-dist/tex/latex/latexconfig/color.cfg
File: color.cfg 2007/01/18 v1.5 color configuration of teTeX/TeXLive
)
Package color Info: Driver file: pdftex.def on input line 137.
)
(/usr/local/texlive/2014/texmf-dist/tex/latex/caption/caption.sty
Package: caption 2013/05/02 v3.3-89 Customizing captions (AR)

(/usr/local/texlive/2014/texmf-dist/tex/latex/caption/caption3.sty
Package: caption3 2013/05/02 v1.6-88 caption3 kernel (AR)
Package caption3 Info: TeX engine: e-TeX on input line 57.
\captionmargin=\dimen115
\captionmargin@=\dimen116
\captionwidth=\dimen117
\caption@tempdima=\dimen118
\caption@indent=\dimen119
\caption@parindent=\dimen120
\caption@hangindent=\dimen121
)
\c@ContinuedFloat=\count100
)
(/usr/local/texlive/2014/texmf-dist/tex/latex/caption/subcaption.sty
Package: subcaption 2013/02/03 v1.1-62 Sub-captions (AR)
\c@subfigure=\count101
\c@subtable=\count102
)
(/usr/local/texlive/2014/texmf-dist/tex/latex/psnfss/times.sty
Package: times 2005/04/12 PSNFSS-v9.2a (SPQR) 
)
(/usr/local/texlive/2014/texmf-dist/tex/generic/ulem/ulem.sty
\UL@box=\box28
\UL@hyphenbox=\box29
\UL@skip=\skip50
\UL@hook=\toks27
\UL@height=\dimen122
\UL@pe=\count103
\UL@pixel=\dimen123
\ULC@box=\box30
Package: ulem 2012/05/18
\ULdepth=\dimen124
)
(/usr/local/texlive/2014/texmf-dist/tex/latex/comment/comment.sty
\CommentStream=\write3

Excluding comment 'comment')
(/usr/local/texlive/2014/texmf-dist/tex/latex/graphics/epsfig.sty
Package: epsfig 1999/02/16 v1.7a (e)psfig emulation (SPQR)
\epsfxsize=\dimen125
\epsfysize=\dimen126
)
(/usr/local/texlive/2014/texmf-dist/tex/platex/base/ascmac.sty
(/usr/local/texlive/2014/texmf-dist/tex/platex/base/tascmac.sty
\@savetbaselineshift=\dimen127
\@saveybaselineshift=\dimen128
\scb@x=\box31
\scscb@x=\box32
\@bw=\dimen129
\@nbox=\box33
\@nbody=\box34
\@scw=\dimen130
\@itemh=\dimen131
\@iboxpos=\toks28
\@iboxstr=\box35
\@bwsp=\box36
\@@bwsp=\box37
\@bcal=\count104
\shaderule=\dimen132
))
(/usr/local/texlive/2014/texmf-dist/tex/latex/seminar/slidesec.sty
File `slidesec.sty' v0.9  92/05/07  <tvz>
\@temptokenb=\toks29
\c@slidesection=\count105
\c@slidesubsection=\count106
) (./ArtifactSpikeSortingDraft1.aux

LaTeX Warning: Label `fig:mouse' multiply defined.


LaTeX Warning: Label `sub@fig:mouse' multiply defined.


LaTeX Warning: Label `fig:gull' multiply defined.


LaTeX Warning: Label `sub@fig:gull' multiply defined.


LaTeX Warning: Label `fig:tiger' multiply defined.


LaTeX Warning: Label `sub@fig:tiger' multiply defined.

)
\openout1 = `ArtifactSpikeSortingDraft1.aux'.

LaTeX Font Info:    Checking defaults for OML/cmm/m/it on input line 58.
LaTeX Font Info:    ... okay on input line 58.
LaTeX Font Info:    Checking defaults for T1/cmr/m/n on input line 58.
LaTeX Font Info:    ... okay on input line 58.
LaTeX Font Info:    Checking defaults for OT1/cmr/m/n on input line 58.
LaTeX Font Info:    ... okay on input line 58.
LaTeX Font Info:    Checking defaults for OMS/cmsy/m/n on input line 58.
LaTeX Font Info:    ... okay on input line 58.
LaTeX Font Info:    Checking defaults for OMX/cmex/m/n on input line 58.
LaTeX Font Info:    ... okay on input line 58.
LaTeX Font Info:    Checking defaults for U/cmr/m/n on input line 58.
LaTeX Font Info:    ... okay on input line 58.
LaTeX Font Info:    Try loading font information for OT1+ptm on input line 58.
 (/usr/local/texlive/2014/texmf-dist/tex/latex/psnfss/ot1ptm.fd
File: ot1ptm.fd 2001/06/04 font definitions for OT1/ptm.
)
(/usr/local/texlive/2014/texmf-dist/tex/context/base/supp-pdf.mkii
[Loading MPS to PDF converter (version 2006.09.02).]
\scratchcounter=\count107
\scratchdimen=\dimen133
\scratchbox=\box38
\nofMPsegments=\count108
\nofMParguments=\count109
\everyMPshowfont=\toks30
\MPscratchCnt=\count110
\MPscratchDim=\dimen134
\MPnumerator=\count111
\makeMPintoPDFobject=\count112
\everyMPtoPDFconversion=\toks31
) (/usr/local/texlive/2014/texmf-dist/tex/generic/oberdiek/pdftexcmds.sty
Package: pdftexcmds 2011/11/29 v0.20 Utility functions of pdfTeX for LuaTeX (HO
)

(/usr/local/texlive/2014/texmf-dist/tex/generic/oberdiek/ifluatex.sty
Package: ifluatex 2010/03/01 v1.3 Provides the ifluatex switch (HO)
Package ifluatex Info: LuaTeX not detected.
)
(/usr/local/texlive/2014/texmf-dist/tex/generic/oberdiek/ifpdf.sty
Package: ifpdf 2011/01/30 v2.3 Provides the ifpdf switch (HO)
Package ifpdf Info: pdfTeX in PDF mode is detected.
)
Package pdftexcmds Info: LuaTeX not detected.
Package pdftexcmds Info: \pdf@primitive is available.
Package pdftexcmds Info: \pdf@ifprimitive is available.
Package pdftexcmds Info: \pdfdraftmode found.
)
(/usr/local/texlive/2014/texmf-dist/tex/latex/oberdiek/epstopdf-base.sty
Package: epstopdf-base 2010/02/09 v2.5 Base part for package epstopdf

(/usr/local/texlive/2014/texmf-dist/tex/latex/oberdiek/grfext.sty
Package: grfext 2010/08/19 v1.1 Manage graphics extensions (HO)

(/usr/local/texlive/2014/texmf-dist/tex/generic/oberdiek/kvdefinekeys.sty
Package: kvdefinekeys 2011/04/07 v1.3 Define keys (HO)
))
(/usr/local/texlive/2014/texmf-dist/tex/latex/oberdiek/kvoptions.sty
Package: kvoptions 2011/06/30 v3.11 Key value format for package options (HO)

(/usr/local/texlive/2014/texmf-dist/tex/generic/oberdiek/kvsetkeys.sty
Package: kvsetkeys 2012/04/25 v1.16 Key value parser (HO)

(/usr/local/texlive/2014/texmf-dist/tex/generic/oberdiek/etexcmds.sty
Package: etexcmds 2011/02/16 v1.5 Avoid name clashes with e-TeX commands (HO)
Package etexcmds Info: Could not find \expanded.
(etexcmds)             That can mean that you are not using pdfTeX 1.50 or
(etexcmds)             that some package has redefined \expanded.
(etexcmds)             In the latter case, load this package earlier.
)))
Package grfext Info: Graphics extension search list:
(grfext)             [.png,.pdf,.jpg,.mps,.jpeg,.jbig2,.jb2,.PNG,.PDF,.JPG,.JPE
G,.JBIG2,.JB2,.eps]
(grfext)             \AppendGraphicsExtensions on input line 452.

(/usr/local/texlive/2014/texmf-dist/tex/latex/latexconfig/epstopdf-sys.cfg
File: epstopdf-sys.cfg 2010/07/13 v1.3 Configuration of (r)epstopdf for TeX Liv
e
))
Package caption Info: Begin \AtBeginDocument code.
Package caption Info: End \AtBeginDocument code.
LaTeX Font Info:    Font shape `OT1/ptm/bx/n' in size <24.88> not available
(Font)              Font shape `OT1/ptm/b/n' tried instead on input line 61.
LaTeX Font Info:    Font shape `OT1/ptm/bx/n' in size <17.28> not available
(Font)              Font shape `OT1/ptm/b/n' tried instead on input line 62.
LaTeX Font Info:    Font shape `OT1/ptm/bx/n' in size <10.95> not available
(Font)              Font shape `OT1/ptm/b/n' tried instead on input line 67.
LaTeX Font Info:    Font shape `OT1/ptm/bx/n' in size <14.4> not available
(Font)              Font shape `OT1/ptm/b/n' tried instead on input line 72.
LaTeX Font Info:    Try loading font information for U+msa on input line 74.

(/usr/local/texlive/2014/texmf-dist/tex/latex/amsfonts/umsa.fd
File: umsa.fd 2013/01/14 v3.01 AMS symbols A
)
LaTeX Font Info:    Try loading font information for U+msb on input line 74.

(/usr/local/texlive/2014/texmf-dist/tex/latex/amsfonts/umsb.fd
File: umsb.fd 2013/01/14 v3.01 AMS symbols B
) [1

{/usr/local/texlive/2014/texmf-var/fonts/map/pdftex/updmap/pdftex.map}]
Package epstopdf Info: Source file: <./Figures/4templates.eps>
(epstopdf)                    date: 2015-05-19 18:49:57
(epstopdf)                    size: 18281 bytes
(epstopdf)             Output file: <./Figures/4templates-eps-converted-to.pdf>

(epstopdf)                    date: 2015-05-19 18:50:43
(epstopdf)                    size: 10778 bytes
(epstopdf)             Command: <repstopdf --outfile=./Figures/4templates-eps-c
onverted-to.pdf ./Figures/4templates.eps>
(epstopdf)             \includegraphics on input line 87.
Package epstopdf Info: Output file is already uptodate.

<./Figures/4templates-eps-converted-to.pdf, id=8, 943.525pt x 272.01625pt>
File: ./Figures/4templates-eps-converted-to.pdf Graphic file (type pdf)

<use ./Figures/4templates-eps-converted-to.pdf>
Package pdftex.def Info: ./Figures/4templates-eps-converted-to.pdf used on inpu
t line 87.
(pdftex.def)             Requested size: 469.75502pt x 135.43085pt.
 [2] [3] [4 <./Figures/4templates-eps-converted-to.pdf>] [5]
LaTeX Font Info:    Font shape `OT1/ptm/bx/n' in size <12> not available
(Font)              Font shape `OT1/ptm/b/n' tried instead on input line 123.
 [6]
Underfull \hbox (badness 10000) in paragraph at lines 134--135

 []

[7]
Overfull \hbox (38.41608pt too wide) detected at line 148
\OML/cmm/m/it/10.95 p\OT1/cmr/m/n/10.95 (\OML/cmm/m/it/10.95 s[]\OT1/cmr/m/n/10
.95 (\OML/cmm/m/it/10.95 l\OT1/cmr/m/n/10.95 ) = 1\OMS/cmsy/m/n/10.95 j\OML/cmm
/m/it/10.95 Y; A; \OT1/cmr/m/n/10.95 ^^F\OML/cmm/m/it/10.95 ; ^^U; ; s\OMS/cms
y/m/n/10.95 n[]\OT1/cmr/m/n/10.95 ) \OMS/cmsy/m/n/10.95 / [] [] []
 []

[8]
Package epstopdf Info: Source file: <./Figures/i0.eps>
(epstopdf)                    date: 2015-04-21 22:18:15
(epstopdf)                    size: 29825 bytes
(epstopdf)             Output file: <./Figures/i0-eps-converted-to.pdf>
(epstopdf)                    date: 2015-05-19 15:37:55
(epstopdf)                    size: 18095 bytes
(epstopdf)             Command: <repstopdf --outfile=./Figures/i0-eps-converted
-to.pdf ./Figures/i0.eps>
(epstopdf)             \includegraphics on input line 170.
Package epstopdf Info: Output file is already uptodate.
 <./Figures/i0-eps-converted-to.pdf, id=49, 867.24pt x 434.62375pt>
File: ./Figures/i0-eps-converted-to.pdf Graphic file (type pdf)

<use ./Figures/i0-eps-converted-to.pdf>
Package pdftex.def Info: ./Figures/i0-eps-converted-to.pdf used on input line 1
70.
(pdftex.def)             Requested size: 234.8775pt x 117.70808pt.
Package epstopdf Info: Source file: <./Figures/i1.eps>
(epstopdf)                    date: 2015-04-21 22:18:00
(epstopdf)                    size: 30539 bytes
(epstopdf)             Output file: <./Figures/i1-eps-converted-to.pdf>
(epstopdf)                    date: 2015-05-19 15:39:02
(epstopdf)                    size: 18269 bytes
(epstopdf)             Command: <repstopdf --outfile=./Figures/i1-eps-converted
-to.pdf ./Figures/i1.eps>
(epstopdf)             \includegraphics on input line 175.
Package epstopdf Info: Output file is already uptodate.

<./Figures/i1-eps-converted-to.pdf, id=50, 867.24pt x 434.62375pt>
File: ./Figures/i1-eps-converted-to.pdf Graphic file (type pdf)

<use ./Figures/i1-eps-converted-to.pdf>
Package pdftex.def Info: ./Figures/i1-eps-converted-to.pdf used on input line 1
75.
(pdftex.def)             Requested size: 234.8775pt x 117.70808pt.

Overfull \hbox (2.28001pt too wide) in paragraph at lines 169--179
 [][] [] 
 []

Package epstopdf Info: Source file: <./Figures/i2.eps>
(epstopdf)                    date: 2015-04-21 22:17:45
(epstopdf)                    size: 30458 bytes
(epstopdf)             Output file: <./Figures/i2-eps-converted-to.pdf>
(epstopdf)                    date: 2015-05-19 15:39:04
(epstopdf)                    size: 18333 bytes
(epstopdf)             Command: <repstopdf --outfile=./Figures/i2-eps-converted
-to.pdf ./Figures/i2.eps>
(epstopdf)             \includegraphics on input line 181.
Package epstopdf Info: Output file is already uptodate.
<./Figures/i2-eps-converted-to.pdf, id=51, 867.24pt x 434.62375pt>
File: ./Figures/i2-eps-converted-to.pdf Graphic file (type pdf)

<use ./Figures/i2-eps-converted-to.pdf>
Package pdftex.def Info: ./Figures/i2-eps-converted-to.pdf used on input line 1
81.
(pdftex.def)             Requested size: 234.8775pt x 117.70808pt.
Package epstopdf Info: Source file: <./Figures/i3.eps>
(epstopdf)                    date: 2015-04-21 22:17:32
(epstopdf)                    size: 30485 bytes
(epstopdf)             Output file: <./Figures/i3-eps-converted-to.pdf>
(epstopdf)                    date: 2015-05-19 15:42:26
(epstopdf)                    size: 18105 bytes
(epstopdf)             Command: <repstopdf --outfile=./Figures/i3-eps-converted
-to.pdf ./Figures/i3.eps>
(epstopdf)             \includegraphics on input line 185.
Package epstopdf Info: Output file is already uptodate.

<./Figures/i3-eps-converted-to.pdf, id=52, 867.24pt x 434.62375pt>
File: ./Figures/i3-eps-converted-to.pdf Graphic file (type pdf)

<use ./Figures/i3-eps-converted-to.pdf>
Package pdftex.def Info: ./Figures/i3-eps-converted-to.pdf used on input line 1
85.
(pdftex.def)             Requested size: 234.8775pt x 117.70808pt.

Overfull \hbox (4.56004pt too wide) in paragraph at lines 180--189
 [][]  [] 
 []

Package epstopdf Info: Source file: <./Figures/i4.eps>
(epstopdf)                    date: 2015-04-21 22:17:20
(epstopdf)                    size: 30529 bytes
(epstopdf)             Output file: <./Figures/i4-eps-converted-to.pdf>
(epstopdf)                    date: 2015-05-19 16:13:16
(epstopdf)                    size: 18191 bytes
(epstopdf)             Command: <repstopdf --outfile=./Figures/i4-eps-converted
-to.pdf ./Figures/i4.eps>
(epstopdf)             \includegraphics on input line 192.
Package epstopdf Info: Output file is already uptodate.
<./Figures/i4-eps-converted-to.pdf, id=53, 867.24pt x 434.62375pt>
File: ./Figures/i4-eps-converted-to.pdf Graphic file (type pdf)

<use ./Figures/i4-eps-converted-to.pdf>
Package pdftex.def Info: ./Figures/i4-eps-converted-to.pdf used on input line 1
92.
(pdftex.def)             Requested size: 234.8775pt x 117.70808pt.
Package epstopdf Info: Source file: <./Figures/i6.eps>
(epstopdf)                    date: 2015-04-21 22:16:37
(epstopdf)                    size: 30442 bytes
(epstopdf)             Output file: <./Figures/i6-eps-converted-to.pdf>
(epstopdf)                    date: 2015-05-19 16:17:01
(epstopdf)                    size: 18138 bytes
(epstopdf)             Command: <repstopdf --outfile=./Figures/i6-eps-converted
-to.pdf ./Figures/i6.eps>
(epstopdf)             \includegraphics on input line 196.
Package epstopdf Info: Output file is already uptodate.

<./Figures/i6-eps-converted-to.pdf, id=54, 867.24pt x 434.62375pt>
File: ./Figures/i6-eps-converted-to.pdf Graphic file (type pdf)

<use ./Figures/i6-eps-converted-to.pdf>
Package pdftex.def Info: ./Figures/i6-eps-converted-to.pdf used on input line 1
96.
(pdftex.def)             Requested size: 234.8775pt x 117.70808pt.

Overfull \hbox (4.56004pt too wide) in paragraph at lines 191--200
 [][]  [] 
 []

[9] [10]
Overfull \hbox (4.87663pt too wide) in paragraph at lines 207--216
[][] 
 []

Package epstopdf Info: Source file: <./Figures/Results10datasets.eps>
(epstopdf)                    date: 2015-05-19 18:40:46
(epstopdf)                    size: 51359 bytes
(epstopdf)             Output file: <./Figures/Results10datasets-eps-converted-
to.pdf>
(epstopdf)                    date: 2015-05-19 23:44:36
(epstopdf)                    size: 12365 bytes
(epstopdf)             Command: <repstopdf --outfile=./Figures/Results10dataset
s-eps-converted-to.pdf ./Figures/Results10datasets.eps>
(epstopdf)             \includegraphics on input line 220.
Package epstopdf Info: Output file is already uptodate.

<./Figures/Results10datasets-eps-converted-to.pdf, id=61, 892.33376pt x 620.317
5pt>
File: ./Figures/Results10datasets-eps-converted-to.pdf Graphic file (type pdf)
 <use ./Figures/Results10datasets-eps-converted-to.pdf>
Package pdftex.def Info: ./Figures/Results10datasets-eps-converted-to.pdf used 
on input line 220.
(pdftex.def)             Requested size: 469.75502pt x 326.56131pt.
 [11 <./Figures/i0-eps-converted-to.pdf> <./Figures/i1-eps-converted-to.pdf> <.
/Figures/i2-eps-converted-to.pdf> <./Figures/i3-eps-converted-to.pdf> <./Figure
s/i4-eps-converted-to.pdf> <./Figures/i6-eps-converted-to.pdf>]
Overfull \hbox (10.5049pt too wide) in paragraph at lines 224--233
[][] 
 []


LaTeX Warning: `!h' float specifier changed to `!ht'.

Package epstopdf Info: Source file: <./Figures/TracesEl185pattern1494.eps>
(epstopdf)                    date: 2015-05-19 21:26:15
(epstopdf)                    size: 53867 bytes
(epstopdf)             Output file: <./Figures/TracesEl185pattern1494-eps-conve
rted-to.pdf>
(epstopdf)                    date: 2015-05-19 21:32:41
(epstopdf)                    size: 19143 bytes
(epstopdf)             Command: <repstopdf --outfile=./Figures/TracesEl185patte
rn1494-eps-converted-to.pdf ./Figures/TracesEl185pattern1494.eps>
(epstopdf)             \includegraphics on input line 245.
Package epstopdf Info: Output file is already uptodate.

<./Figures/TracesEl185pattern1494-eps-converted-to.pdf, id=125, 820.06375pt x 5
44.0325pt>
File: ./Figures/TracesEl185pattern1494-eps-converted-to.pdf Graphic file (type 
pdf)
 <use ./Figures/TracesEl185pattern1494-eps-converted-to.pdf>
Package pdftex.def Info: ./Figures/TracesEl185pattern1494-eps-converted-to.pdf 
used on input line 245.
(pdftex.def)             Requested size: 435.77042pt x 289.07999pt.
 [12 <./Figures/Results10datasets-eps-converted-to.pdf>] [13] [14]
Package epstopdf Info: Source file: <./Figures/TracesEl170pattern1443.eps>
(epstopdf)                    date: 2015-05-19 22:51:10
(epstopdf)                    size: 53109 bytes
(epstopdf)             Output file: <./Figures/TracesEl170pattern1443-eps-conve
rted-to.pdf>
(epstopdf)                    date: 2015-05-19 22:53:08
(epstopdf)                    size: 25955 bytes
(epstopdf)             Command: <repstopdf --outfile=./Figures/TracesEl170patte
rn1443-eps-converted-to.pdf ./Figures/TracesEl170pattern1443.eps>
(epstopdf)             \includegraphics on input line 253.
Package epstopdf Info: Output file is already uptodate.

<./Figures/TracesEl170pattern1443-eps-converted-to.pdf, id=141, 850.17625pt x 5
65.11125pt>
File: ./Figures/TracesEl170pattern1443-eps-converted-to.pdf Graphic file (type 
pdf)
 <use ./Figures/TracesEl170pattern1443-eps-converted-to.pdf>
Package pdftex.def Info: ./Figures/TracesEl170pattern1443-eps-converted-to.pdf 
used on input line 253.
(pdftex.def)             Requested size: 434.90736pt x 289.07999pt.
Package epstopdf Info: Source file: <./Figures/ResidualsEl170pattern1443.eps>
(epstopdf)                    date: 2015-05-19 22:51:18
(epstopdf)                    size: 84156 bytes
(epstopdf)             Output file: <./Figures/ResidualsEl170pattern1443-eps-co
nverted-to.pdf>
(epstopdf)                    date: 2015-05-19 22:53:10
(epstopdf)                    size: 27114 bytes
(epstopdf)             Command: <repstopdf --outfile=./Figures/ResidualsEl170pa
ttern1443-eps-converted-to.pdf ./Figures/ResidualsEl170pattern1443.eps>
(epstopdf)             \includegraphics on input line 260.
Package epstopdf Info: Output file is already uptodate.

<./Figures/ResidualsEl170pattern1443-eps-converted-to.pdf, id=142, 852.18375pt 
x 568.1225pt>
File: ./Figures/ResidualsEl170pattern1443-eps-converted-to.pdf Graphic file (ty
pe pdf)
 <use ./Figures/ResidualsEl170pattern1443-eps-converted-to.pdf>
Package pdftex.def Info: ./Figures/ResidualsEl170pattern1443-eps-converted-to.p
df used on input line 260.
(pdftex.def)             Requested size: 433.6327pt x 289.07999pt.


LaTeX Warning: Float too large for page by 36.92993pt on input line 265.


LaTeX Warning: `!h' float specifier changed to `!ht'.

(./ArtifactSpikeSortingDraft1.bbl [15 <./Figures/TracesEl185pattern1494-eps-con
verted-to.pdf>]
Missing character: There is no Å in font ptmr7t!
Missing character: There is no ‚ in font ptmr7t!
Missing character: There is no Å in font ptmr7t!
Missing character: There is no ‚ in font ptmr7t!
Missing character: There is no Å in font ptmr7t!
Missing character: There is no ‚ in font ptmr7t!
) [16] [17 <./Figures/TracesEl170pattern1443-eps-converted-to.pdf> <./Figures/R
esidualsEl170pattern1443-eps-converted-to.pdf>]
(./ArtifactSpikeSortingDraft1.aux)

LaTeX Warning: There were multiply-defined labels.

 ) 
Here is how much of TeX's memory you used:
 4055 strings out of 493117
 60510 string characters out of 6135433
 131818 words of memory out of 5000000
 7410 multiletter control sequences out of 15000+600000
 33156 words of font info for 76 fonts, out of 8000000 for 9000
 1141 hyphenation exceptions out of 8191
 38i,10n,38p,3782b,467s stack positions out of 5000i,500n,10000p,200000b,80000s
{/usr/local/texlive/2014/texmf-dist/fonts/enc/dvips/base/8r.enc}</usr/local/t
exlive/2014/texmf-dist/fonts/type1/public/amsfonts/cm/cmex10.pfb></usr/local/te
xlive/2014/texmf-dist/fonts/type1/public/amsfonts/cm/cmmi10.pfb></usr/local/tex
live/2014/texmf-dist/fonts/type1/public/amsfonts/cm/cmmi12.pfb></usr/local/texl
ive/2014/texmf-dist/fonts/type1/public/amsfonts/cm/cmmi8.pfb></usr/local/texliv
e/2014/texmf-dist/fonts/type1/public/amsfonts/cm/cmr10.pfb></usr/local/texlive/
2014/texmf-dist/fonts/type1/public/amsfonts/cm/cmr12.pfb></usr/local/texlive/20
14/texmf-dist/fonts/type1/public/amsfonts/cm/cmr6.pfb></usr/local/texlive/2014/
texmf-dist/fonts/type1/public/amsfonts/cm/cmr8.pfb></usr/local/texlive/2014/tex
mf-dist/fonts/type1/public/amsfonts/cm/cmsy10.pfb></usr/local/texlive/2014/texm
f-dist/fonts/type1/public/amsfonts/cm/cmsy6.pfb></usr/local/texlive/2014/texmf-
dist/fonts/type1/public/amsfonts/cm/cmsy8.pfb></usr/local/texlive/2014/texmf-di
st/fonts/type1/urw/times/utmb8a.pfb></usr/local/texlive/2014/texmf-dist/fonts/t
ype1/urw/times/utmr8a.pfb></usr/local/texlive/2014/texmf-dist/fonts/type1/urw/t
imes/utmri8a.pfb>
Output written on ArtifactSpikeSortingDraft1.pdf (17 pages, 356881 bytes).
PDF statistics:
 229 PDF objects out of 1000 (max. 8388607)
 163 compressed objects within 2 object streams
 0 named destinations out of 1000 (max. 500000)
 56 words of extra memory for PDF output out of 10000 (max. 10000000)

