This is pdfTeX, Version 3.14159265-2.6-1.40.15 (TeX Live 2014) (preloaded format=pdflatex 2014.5.25)  17 JUL 2015 15:00
entering extended mode
 restricted \write18 enabled.
 file:line:error style messages enabled.
 %&-line parsing enabled.
**Methods_ElectricalArtifact.tex
(./Methods_ElectricalArtifact.tex
LaTeX2e <2014/05/01>
Babel <3.9k> and hyphenation patterns for 78 languages loaded.
(/usr/local/texlive/2014/texmf-dist/tex/latex/base/article.cls
Document Class: article 2007/10/19 v1.4h Standard LaTeX document class
(/usr/local/texlive/2014/texmf-dist/tex/latex/base/fleqn.clo
File: fleqn.clo 1998/08/17 v1.1c Standard LaTeX option (flush left equations)
\mathindent=\dimen102
)
(/usr/local/texlive/2014/texmf-dist/tex/latex/base/size12.clo
File: size12.clo 2007/10/19 v1.4h Standard LaTeX file (size option)
)
\c@part=\count79
\c@section=\count80
\c@subsection=\count81
\c@subsubsection=\count82
\c@paragraph=\count83
\c@subparagraph=\count84
\c@figure=\count85
\c@table=\count86
\abovecaptionskip=\skip41
\belowcaptionskip=\skip42
\bibindent=\dimen103
)
(/usr/local/texlive/2014/texmf-dist/tex/latex/amsfonts/amsfonts.sty
Package: amsfonts 2013/01/14 v3.01 Basic AMSFonts support
\@emptytoks=\toks14
\symAMSa=\mathgroup4
\symAMSb=\mathgroup5
LaTeX Font Info:    Overwriting math alphabet `\mathfrak' in version `bold'
(Font)                  U/euf/m/n --> U/euf/b/n on input line 106.
)
(/usr/local/texlive/2014/texmf-dist/tex/latex/amsmath/amsmath.sty
Package: amsmath 2013/01/14 v2.14 AMS math features
\@mathmargin=\skip43

For additional information on amsmath, use the `?' option.
(/usr/local/texlive/2014/texmf-dist/tex/latex/amsmath/amstext.sty
Package: amstext 2000/06/29 v2.01

(/usr/local/texlive/2014/texmf-dist/tex/latex/amsmath/amsgen.sty
File: amsgen.sty 1999/11/30 v2.0
\@emptytoks=\toks15
\ex@=\dimen104
))
(/usr/local/texlive/2014/texmf-dist/tex/latex/amsmath/amsbsy.sty
Package: amsbsy 1999/11/29 v1.2d
\pmbraise@=\dimen105
)
(/usr/local/texlive/2014/texmf-dist/tex/latex/amsmath/amsopn.sty
Package: amsopn 1999/12/14 v2.01 operator names
)
\inf@bad=\count87
LaTeX Info: Redefining \frac on input line 210.
\uproot@=\count88
\leftroot@=\count89
LaTeX Info: Redefining \overline on input line 306.
\classnum@=\count90
\DOTSCASE@=\count91
LaTeX Info: Redefining \ldots on input line 378.
LaTeX Info: Redefining \dots on input line 381.
LaTeX Info: Redefining \cdots on input line 466.
\Mathstrutbox@=\box26
\strutbox@=\box27
\big@size=\dimen106
LaTeX Font Info:    Redeclaring font encoding OML on input line 566.
LaTeX Font Info:    Redeclaring font encoding OMS on input line 567.
\macc@depth=\count92
\c@MaxMatrixCols=\count93
\dotsspace@=\muskip10
\c@parentequation=\count94
\dspbrk@lvl=\count95
\tag@help=\toks16
\row@=\count96
\column@=\count97
\maxfields@=\count98
\andhelp@=\toks17
\eqnshift@=\dimen107
\alignsep@=\dimen108
\tagshift@=\dimen109
\tagwidth@=\dimen110
\totwidth@=\dimen111
\lineht@=\dimen112
\@envbody=\toks18
\multlinegap=\skip44
\multlinetaggap=\skip45
\mathdisplay@stack=\toks19
LaTeX Info: Redefining \[ on input line 2665.
LaTeX Info: Redefining \] on input line 2666.
)
(/usr/local/texlive/2014/texmf-dist/tex/latex/amscls/amsthm.sty
Package: amsthm 2004/08/06 v2.20
\thm@style=\toks20
\thm@bodyfont=\toks21
\thm@headfont=\toks22
\thm@notefont=\toks23
\thm@headpunct=\toks24
\thm@preskip=\skip46
\thm@postskip=\skip47
\thm@headsep=\skip48
\dth@everypar=\toks25
)
(/usr/local/texlive/2014/texmf-dist/tex/latex/amsfonts/amssymb.sty
Package: amssymb 2013/01/14 v3.01 AMS font symbols
)
(/usr/local/texlive/2014/texmf-dist/tex/latex/preprint/fullpage.sty
Package: fullpage 1999/02/23 1.1 (PWD)
\FP@margin=\skip49
)
(/usr/local/texlive/2014/texmf-dist/tex/latex/graphics/graphicx.sty
Package: graphicx 2014/04/25 v1.0g Enhanced LaTeX Graphics (DPC,SPQR)

(/usr/local/texlive/2014/texmf-dist/tex/latex/graphics/keyval.sty
Package: keyval 2014/05/08 v1.15 key=value parser (DPC)
\KV@toks@=\toks26
)
(/usr/local/texlive/2014/texmf-dist/tex/latex/graphics/graphics.sty
Package: graphics 2009/02/05 v1.0o Standard LaTeX Graphics (DPC,SPQR)

(/usr/local/texlive/2014/texmf-dist/tex/latex/graphics/trig.sty
Package: trig 1999/03/16 v1.09 sin cos tan (DPC)
)
(/usr/local/texlive/2014/texmf-dist/tex/latex/latexconfig/graphics.cfg
File: graphics.cfg 2010/04/23 v1.9 graphics configuration of TeX Live
)
Package graphics Info: Driver file: pdftex.def on input line 91.

(/usr/local/texlive/2014/texmf-dist/tex/latex/pdftex-def/pdftex.def
File: pdftex.def 2011/05/27 v0.06d Graphics/color for pdfTeX

(/usr/local/texlive/2014/texmf-dist/tex/generic/oberdiek/infwarerr.sty
Package: infwarerr 2010/04/08 v1.3 Providing info/warning/error messages (HO)
)
(/usr/local/texlive/2014/texmf-dist/tex/generic/oberdiek/ltxcmds.sty
Package: ltxcmds 2011/11/09 v1.22 LaTeX kernel commands for general use (HO)
)
\Gread@gobject=\count99
))
\Gin@req@height=\dimen113
\Gin@req@width=\dimen114
)
(/usr/local/texlive/2014/texmf-dist/tex/latex/graphics/color.sty
Package: color 2014/04/23 v1.1a Standard LaTeX Color (DPC)

(/usr/local/texlive/2014/texmf-dist/tex/latex/latexconfig/color.cfg
File: color.cfg 2007/01/18 v1.5 color configuration of teTeX/TeXLive
)
Package color Info: Driver file: pdftex.def on input line 137.
)
(/usr/local/texlive/2014/texmf-dist/tex/latex/caption/caption.sty
Package: caption 2013/05/02 v3.3-89 Customizing captions (AR)

(/usr/local/texlive/2014/texmf-dist/tex/latex/caption/caption3.sty
Package: caption3 2013/05/02 v1.6-88 caption3 kernel (AR)
Package caption3 Info: TeX engine: e-TeX on input line 57.
\captionmargin=\dimen115
\captionmargin@=\dimen116
\captionwidth=\dimen117
\caption@tempdima=\dimen118
\caption@indent=\dimen119
\caption@parindent=\dimen120
\caption@hangindent=\dimen121
)
\c@ContinuedFloat=\count100
)
(/usr/local/texlive/2014/texmf-dist/tex/latex/caption/subcaption.sty
Package: subcaption 2013/02/03 v1.1-62 Sub-captions (AR)
\c@subfigure=\count101
\c@subtable=\count102
)
(/usr/local/texlive/2014/texmf-dist/tex/latex/psnfss/times.sty
Package: times 2005/04/12 PSNFSS-v9.2a (SPQR) 
)
(/usr/local/texlive/2014/texmf-dist/tex/generic/ulem/ulem.sty
\UL@box=\box28
\UL@hyphenbox=\box29
\UL@skip=\skip50
\UL@hook=\toks27
\UL@height=\dimen122
\UL@pe=\count103
\UL@pixel=\dimen123
\ULC@box=\box30
Package: ulem 2012/05/18
\ULdepth=\dimen124
)
(/usr/local/texlive/2014/texmf-dist/tex/latex/comment/comment.sty
\CommentStream=\write3

Excluding comment 'comment')
(/usr/local/texlive/2014/texmf-dist/tex/latex/graphics/epsfig.sty
Package: epsfig 1999/02/16 v1.7a (e)psfig emulation (SPQR)
\epsfxsize=\dimen125
\epsfysize=\dimen126
)
(/usr/local/texlive/2014/texmf-dist/tex/platex/base/ascmac.sty
(/usr/local/texlive/2014/texmf-dist/tex/platex/base/tascmac.sty
\@savetbaselineshift=\dimen127
\@saveybaselineshift=\dimen128
\scb@x=\box31
\scscb@x=\box32
\@bw=\dimen129
\@nbox=\box33
\@nbody=\box34
\@scw=\dimen130
\@itemh=\dimen131
\@iboxpos=\toks28
\@iboxstr=\box35
\@bwsp=\box36
\@@bwsp=\box37
\@bcal=\count104
\shaderule=\dimen132
))
(/usr/local/texlive/2014/texmf-dist/tex/latex/seminar/slidesec.sty
File `slidesec.sty' v0.9  92/05/07  <tvz>
\@temptokenb=\toks29
\c@slidesection=\count105
\c@slidesubsection=\count106
) (./Methods_ElectricalArtifact.aux

LaTeX Warning: Label `fig:traces' multiply defined.

)
\openout1 = `Methods_ElectricalArtifact.aux'.

LaTeX Font Info:    Checking defaults for OML/cmm/m/it on input line 58.
LaTeX Font Info:    ... okay on input line 58.
LaTeX Font Info:    Checking defaults for T1/cmr/m/n on input line 58.
LaTeX Font Info:    ... okay on input line 58.
LaTeX Font Info:    Checking defaults for OT1/cmr/m/n on input line 58.
LaTeX Font Info:    ... okay on input line 58.
LaTeX Font Info:    Checking defaults for OMS/cmsy/m/n on input line 58.
LaTeX Font Info:    ... okay on input line 58.
LaTeX Font Info:    Checking defaults for OMX/cmex/m/n on input line 58.
LaTeX Font Info:    ... okay on input line 58.
LaTeX Font Info:    Checking defaults for U/cmr/m/n on input line 58.
LaTeX Font Info:    ... okay on input line 58.
LaTeX Font Info:    Try loading font information for OT1+ptm on input line 58.
 (/usr/local/texlive/2014/texmf-dist/tex/latex/psnfss/ot1ptm.fd
File: ot1ptm.fd 2001/06/04 font definitions for OT1/ptm.
)
(/usr/local/texlive/2014/texmf-dist/tex/context/base/supp-pdf.mkii
[Loading MPS to PDF converter (version 2006.09.02).]
\scratchcounter=\count107
\scratchdimen=\dimen133
\scratchbox=\box38
\nofMPsegments=\count108
\nofMParguments=\count109
\everyMPshowfont=\toks30
\MPscratchCnt=\count110
\MPscratchDim=\dimen134
\MPnumerator=\count111
\makeMPintoPDFobject=\count112
\everyMPtoPDFconversion=\toks31
) (/usr/local/texlive/2014/texmf-dist/tex/generic/oberdiek/pdftexcmds.sty
Package: pdftexcmds 2011/11/29 v0.20 Utility functions of pdfTeX for LuaTeX (HO
)

(/usr/local/texlive/2014/texmf-dist/tex/generic/oberdiek/ifluatex.sty
Package: ifluatex 2010/03/01 v1.3 Provides the ifluatex switch (HO)
Package ifluatex Info: LuaTeX not detected.
)
(/usr/local/texlive/2014/texmf-dist/tex/generic/oberdiek/ifpdf.sty
Package: ifpdf 2011/01/30 v2.3 Provides the ifpdf switch (HO)
Package ifpdf Info: pdfTeX in PDF mode is detected.
)
Package pdftexcmds Info: LuaTeX not detected.
Package pdftexcmds Info: \pdf@primitive is available.
Package pdftexcmds Info: \pdf@ifprimitive is available.
Package pdftexcmds Info: \pdfdraftmode found.
)
(/usr/local/texlive/2014/texmf-dist/tex/latex/oberdiek/epstopdf-base.sty
Package: epstopdf-base 2010/02/09 v2.5 Base part for package epstopdf

(/usr/local/texlive/2014/texmf-dist/tex/latex/oberdiek/grfext.sty
Package: grfext 2010/08/19 v1.1 Manage graphics extensions (HO)

(/usr/local/texlive/2014/texmf-dist/tex/generic/oberdiek/kvdefinekeys.sty
Package: kvdefinekeys 2011/04/07 v1.3 Define keys (HO)
))
(/usr/local/texlive/2014/texmf-dist/tex/latex/oberdiek/kvoptions.sty
Package: kvoptions 2011/06/30 v3.11 Key value format for package options (HO)

(/usr/local/texlive/2014/texmf-dist/tex/generic/oberdiek/kvsetkeys.sty
Package: kvsetkeys 2012/04/25 v1.16 Key value parser (HO)

(/usr/local/texlive/2014/texmf-dist/tex/generic/oberdiek/etexcmds.sty
Package: etexcmds 2011/02/16 v1.5 Avoid name clashes with e-TeX commands (HO)
Package etexcmds Info: Could not find \expanded.
(etexcmds)             That can mean that you are not using pdfTeX 1.50 or
(etexcmds)             that some package has redefined \expanded.
(etexcmds)             In the latter case, load this package earlier.
)))
Package grfext Info: Graphics extension search list:
(grfext)             [.png,.pdf,.jpg,.mps,.jpeg,.jbig2,.jb2,.PNG,.PDF,.JPG,.JPE
G,.JBIG2,.JB2,.eps]
(grfext)             \AppendGraphicsExtensions on input line 452.

(/usr/local/texlive/2014/texmf-dist/tex/latex/latexconfig/epstopdf-sys.cfg
File: epstopdf-sys.cfg 2010/07/13 v1.3 Configuration of (r)epstopdf for TeX Liv
e
))
Package caption Info: Begin \AtBeginDocument code.
Package caption Info: End \AtBeginDocument code.
LaTeX Font Info:    Font shape `OT1/ptm/bx/n' in size <24.88> not available
(Font)              Font shape `OT1/ptm/b/n' tried instead on input line 61.
LaTeX Font Info:    Font shape `OT1/ptm/bx/n' in size <17.28> not available
(Font)              Font shape `OT1/ptm/b/n' tried instead on input line 62.
LaTeX Font Info:    Font shape `OT1/ptm/bx/n' in size <10.95> not available
(Font)              Font shape `OT1/ptm/b/n' tried instead on input line 67.

[1

{/usr/local/texlive/2014/texmf-var/fonts/map/pdftex/updmap/pdftex.map}]
LaTeX Font Info:    Font shape `OT1/ptm/bx/n' in size <14.4> not available
(Font)              Font shape `OT1/ptm/b/n' tried instead on input line 73.
LaTeX Font Info:    Try loading font information for U+msa on input line 75.

(/usr/local/texlive/2014/texmf-dist/tex/latex/amsfonts/umsa.fd
File: umsa.fd 2013/01/14 v3.01 AMS symbols A
)
LaTeX Font Info:    Try loading font information for U+msb on input line 75.

(/usr/local/texlive/2014/texmf-dist/tex/latex/amsfonts/umsb.fd
File: umsb.fd 2013/01/14 v3.01 AMS symbols B
) [2] [3]
[4]
Underfull \hbox (badness 10000) in paragraph at lines 116--117

 []

[5]
LaTeX Font Info:    Font shape `OT1/ptm/bx/n' in size <12> not available
(Font)              Font shape `OT1/ptm/b/n' tried instead on input line 123.

Underfull \hbox (badness 10000) in paragraph at lines 125--126

 []

[6] [7]
Underfull \hbox (badness 10000) in paragraph at lines 139--141

 []


Overfull \hbox (38.41608pt too wide) detected at line 147
\OML/cmm/m/it/10.95 p\OT1/cmr/m/n/10.95 (\OML/cmm/m/it/10.95 s[]\OT1/cmr/m/n/10
.95 (\OML/cmm/m/it/10.95 l\OT1/cmr/m/n/10.95 ) = 1\OMS/cmsy/m/n/10.95 j\OML/cmm
/m/it/10.95 Y; A; \OT1/cmr/m/n/10.95 ^^F\OML/cmm/m/it/10.95 ; ^^U; ; s\OMS/cms
y/m/n/10.95 n[]\OT1/cmr/m/n/10.95 ) \OMS/cmsy/m/n/10.95 / [] [] []
 []


Overfull \hbox (25.03578pt too wide) detected at line 151
\OML/cmm/m/it/10.95 A[]\OMS/cmsy/m/n/10.95 j\OML/cmm/m/it/10.95 Y; s; \OT1/cmr/
m/n/10.95 ^^C\OML/cmm/m/it/10.95 ; \OT1/cmr/m/n/10.95 ^^F\OML/cmm/m/it/10.95 ; 
s; ; A\OMS/cmsy/m/n/10.95 n[] ^^X N\OT1/cmr/m/n/10.95 (\OML/cmm/m/it/10.95 ^^V
[]; \OT1/cmr/m/n/10.95 ^^F[]) ^^F[] = [][]  \OML/cmm/m/it/10.95 ^^V[] \OT1/cmr/
m/n/10.95 = ^^F[]\OML/cmm/m/it/10.95 X[]\OT1/cmr/m/n/10.95 ^^F[](\OML/cmm/m/it/
10.95 Y[] \OMS/cmsy/m/n/10.95 ^^@ \OML/cmm/m/it/10.95 K[]s\OT1/cmr/m/n/10.95 )\
OML/cmm/m/it/10.95 ;
 []

[8]
Underfull \hbox (badness 10000) in paragraph at lines 164--165

 []

[9]
Underfull \hbox (badness 10000) in paragraph at lines 166--167

 []


Underfull \hbox (badness 10000) in paragraph at lines 168--169

 []

[10] [11] [12]
Underfull \hbox (badness 10000) in paragraph at lines 187--188

 []


Underfull \hbox (badness 10000) in paragraph at lines 189--191

 []

Package epstopdf Info: Source file: <./FiguresMethods/ArtTraceS1.eps>
(epstopdf)                    date: 2015-06-22 02:29:22
(epstopdf)                    size: 16704 bytes
(epstopdf)             Output file: <./FiguresMethods/ArtTraceS1-eps-converted-
to.pdf>
(epstopdf)                    date: 2015-06-22 02:36:04
(epstopdf)                    size: 9348 bytes
(epstopdf)             Command: <repstopdf --outfile=./FiguresMethods/ArtTraceS
1-eps-converted-to.pdf ./FiguresMethods/ArtTraceS1.eps>
(epstopdf)             \includegraphics on input line 196.
Package epstopdf Info: Output file is already uptodate.

<./FiguresMethods/ArtTraceS1-eps-converted-to.pdf, id=55, 507.8975pt x 422.5787
5pt>
File: ./FiguresMethods/ArtTraceS1-eps-converted-to.pdf Graphic file (type pdf)
 <use ./FiguresMethods/ArtTraceS1-eps-converted-to.pdf>
Package pdftex.def Info: ./FiguresMethods/ArtTraceS1-eps-converted-to.pdf used 
on input line 196.
(pdftex.def)             Requested size: 150.32504pt x 125.07231pt.
Package epstopdf Info: Source file: <./FiguresMethods/ArtTraceS2.eps>
(epstopdf)                    date: 2015-06-22 02:29:23
(epstopdf)                    size: 17094 bytes
(epstopdf)             Output file: <./FiguresMethods/ArtTraceS2-eps-converted-
to.pdf>
(epstopdf)                    date: 2015-06-22 02:36:05
(epstopdf)                    size: 9467 bytes
(epstopdf)             Command: <repstopdf --outfile=./FiguresMethods/ArtTraceS
2-eps-converted-to.pdf ./FiguresMethods/ArtTraceS2.eps>
(epstopdf)             \includegraphics on input line 200.
Package epstopdf Info: Output file is already uptodate.

<./FiguresMethods/ArtTraceS2-eps-converted-to.pdf, id=56, 507.8975pt x 422.5787
5pt>
File: ./FiguresMethods/ArtTraceS2-eps-converted-to.pdf Graphic file (type pdf)
 <use ./FiguresMethods/ArtTraceS2-eps-converted-to.pdf>
Package pdftex.def Info: ./FiguresMethods/ArtTraceS2-eps-converted-to.pdf used 
on input line 200.
(pdftex.def)             Requested size: 150.32504pt x 125.07231pt.
Package epstopdf Info: Source file: <./FiguresMethods/ArtTraceNS.eps>
(epstopdf)                    date: 2015-06-22 02:29:23
(epstopdf)                    size: 16422 bytes
(epstopdf)             Output file: <./FiguresMethods/ArtTraceNS-eps-converted-
to.pdf>
(epstopdf)                    date: 2015-06-22 02:36:06
(epstopdf)                    size: 9098 bytes
(epstopdf)             Command: <repstopdf --outfile=./FiguresMethods/ArtTraceN
S-eps-converted-to.pdf ./FiguresMethods/ArtTraceNS.eps>
(epstopdf)             \includegraphics on input line 204.
Package epstopdf Info: Output file is already uptodate.

<./FiguresMethods/ArtTraceNS-eps-converted-to.pdf, id=57, 507.8975pt x 422.5787
5pt>
File: ./FiguresMethods/ArtTraceNS-eps-converted-to.pdf Graphic file (type pdf)
 <use ./FiguresMethods/ArtTraceNS-eps-converted-to.pdf>
Package pdftex.def Info: ./FiguresMethods/ArtTraceNS-eps-converted-to.pdf used 
on input line 204.
(pdftex.def)             Requested size: 150.32504pt x 125.07231pt.
Package epstopdf Info: Source file: <./FiguresMethods/ArtMeanS1.eps>
(epstopdf)                    date: 2015-06-22 02:29:20
(epstopdf)                    size: 15933 bytes
(epstopdf)             Output file: <./FiguresMethods/ArtMeanS1-eps-converted-t
o.pdf>
(epstopdf)                    date: 2015-06-22 02:36:08
(epstopdf)                    size: 9449 bytes
(epstopdf)             Command: <repstopdf --outfile=./FiguresMethods/ArtMeanS1
-eps-converted-to.pdf ./FiguresMethods/ArtMeanS1.eps>
(epstopdf)             \includegraphics on input line 209.
Package epstopdf Info: Output file is already uptodate.

<./FiguresMethods/ArtMeanS1-eps-converted-to.pdf, id=58, 513.92pt x 422.57875pt
>
File: ./FiguresMethods/ArtMeanS1-eps-converted-to.pdf Graphic file (type pdf)
 <use ./FiguresMethods/ArtMeanS1-eps-converted-to.pdf>
Package pdftex.def Info: ./FiguresMethods/ArtMeanS1-eps-converted-to.pdf used o
n input line 209.
(pdftex.def)             Requested size: 150.32504pt x 123.60861pt.
Package epstopdf Info: Source file: <./FiguresMethods/ArtMeanS2.eps>
(epstopdf)                    date: 2015-06-22 02:29:21
(epstopdf)                    size: 16173 bytes
(epstopdf)             Output file: <./FiguresMethods/ArtMeanS2-eps-converted-t
o.pdf>
(epstopdf)                    date: 2015-06-22 02:36:09
(epstopdf)                    size: 9938 bytes
(epstopdf)             Command: <repstopdf --outfile=./FiguresMethods/ArtMeanS2
-eps-converted-to.pdf ./FiguresMethods/ArtMeanS2.eps>
(epstopdf)             \includegraphics on input line 213.
Package epstopdf Info: Output file is already uptodate.

<./FiguresMethods/ArtMeanS2-eps-converted-to.pdf, id=59, 507.8975pt x 422.57875
pt>
File: ./FiguresMethods/ArtMeanS2-eps-converted-to.pdf Graphic file (type pdf)
 <use ./FiguresMethods/ArtMeanS2-eps-converted-to.pdf>
Package pdftex.def Info: ./FiguresMethods/ArtMeanS2-eps-converted-to.pdf used o
n input line 213.
(pdftex.def)             Requested size: 150.32504pt x 125.07231pt.
Package epstopdf Info: Source file: <./FiguresMethods/ArtMeansNS.eps>
(epstopdf)                    date: 2015-06-22 02:29:21
(epstopdf)                    size: 15558 bytes
(epstopdf)             Output file: <./FiguresMethods/ArtMeansNS-eps-converted-
to.pdf>
(epstopdf)                    date: 2015-06-22 02:36:10
(epstopdf)                    size: 9313 bytes
(epstopdf)             Command: <repstopdf --outfile=./FiguresMethods/ArtMeansN
S-eps-converted-to.pdf ./FiguresMethods/ArtMeansNS.eps>
(epstopdf)             \includegraphics on input line 217.
Package epstopdf Info: Output file is already uptodate.

<./FiguresMethods/ArtMeansNS-eps-converted-to.pdf, id=60, 507.8975pt x 422.5787
5pt>
File: ./FiguresMethods/ArtMeansNS-eps-converted-to.pdf Graphic file (type pdf)
 <use ./FiguresMethods/ArtMeansNS-eps-converted-to.pdf>
Package pdftex.def Info: ./FiguresMethods/ArtMeansNS-eps-converted-to.pdf used 
on input line 217.
(pdftex.def)             Requested size: 150.32504pt x 125.07231pt.
 [13]
Package epstopdf Info: Source file: <./FiguresMethods/TemplateEL1.eps>
(epstopdf)                    date: 2015-06-22 02:46:13
(epstopdf)                    size: 11113 bytes
(epstopdf)             Output file: <./FiguresMethods/TemplateEL1-eps-converted
-to.pdf>
(epstopdf)                    date: 2015-06-22 02:51:25
(epstopdf)                    size: 7309 bytes
(epstopdf)             Command: <repstopdf --outfile=./FiguresMethods/TemplateE
L1-eps-converted-to.pdf ./FiguresMethods/TemplateEL1.eps>
(epstopdf)             \includegraphics on input line 231.
Package epstopdf Info: Output file is already uptodate.

<./FiguresMethods/TemplateEL1-eps-converted-to.pdf, id=65, 508.90125pt x 422.57
875pt>
File: ./FiguresMethods/TemplateEL1-eps-converted-to.pdf Graphic file (type pdf)

 <use ./FiguresMethods/TemplateEL1-eps-converted-to.pdf>
Package pdftex.def Info: ./FiguresMethods/TemplateEL1-eps-converted-to.pdf used
 on input line 231.
(pdftex.def)             Requested size: 108.04164pt x 89.71135pt.
Package epstopdf Info: Source file: <./FiguresMethods/EL11.eps>
(epstopdf)                    date: 2015-06-22 02:46:11
(epstopdf)                    size: 16125 bytes
(epstopdf)             Output file: <./FiguresMethods/EL11-eps-converted-to.pdf
>
(epstopdf)                    date: 2015-06-22 02:51:26
(epstopdf)                    size: 8367 bytes
(epstopdf)             Command: <repstopdf --outfile=./FiguresMethods/EL11-eps-
converted-to.pdf ./FiguresMethods/EL11.eps>
(epstopdf)             \includegraphics on input line 235.
Package epstopdf Info: Output file is already uptodate.

<./FiguresMethods/EL11-eps-converted-to.pdf, id=66, 507.8975pt x 422.57875pt>
File: ./FiguresMethods/EL11-eps-converted-to.pdf Graphic file (type pdf)

<use ./FiguresMethods/EL11-eps-converted-to.pdf>
Package pdftex.def Info: ./FiguresMethods/EL11-eps-converted-to.pdf used on inp
ut line 235.
(pdftex.def)             Requested size: 108.04164pt x 89.89189pt.
Package epstopdf Info: Source file: <./FiguresMethods/EL12.eps>
(epstopdf)                    date: 2015-06-22 02:46:11
(epstopdf)                    size: 15635 bytes
(epstopdf)             Output file: <./FiguresMethods/EL12-eps-converted-to.pdf
>
(epstopdf)                    date: 2015-06-22 02:51:27
(epstopdf)                    size: 8087 bytes
(epstopdf)             Command: <repstopdf --outfile=./FiguresMethods/EL12-eps-
converted-to.pdf ./FiguresMethods/EL12.eps>
(epstopdf)             \includegraphics on input line 239.
Package epstopdf Info: Output file is already uptodate.

<./FiguresMethods/EL12-eps-converted-to.pdf, id=67, 507.8975pt x 422.57875pt>
File: ./FiguresMethods/EL12-eps-converted-to.pdf Graphic file (type pdf)

<use ./FiguresMethods/EL12-eps-converted-to.pdf>
Package pdftex.def Info: ./FiguresMethods/EL12-eps-converted-to.pdf used on inp
ut line 239.
(pdftex.def)             Requested size: 108.04164pt x 89.89189pt.
Package epstopdf Info: Source file: <./FiguresMethods/EL13.eps>
(epstopdf)                    date: 2015-06-22 02:46:12
(epstopdf)                    size: 15366 bytes
(epstopdf)             Output file: <./FiguresMethods/EL13-eps-converted-to.pdf
>
(epstopdf)                    date: 2015-06-22 02:51:28
(epstopdf)                    size: 8237 bytes
(epstopdf)             Command: <repstopdf --outfile=./FiguresMethods/EL13-eps-
converted-to.pdf ./FiguresMethods/EL13.eps>
(epstopdf)             \includegraphics on input line 243.
Package epstopdf Info: Output file is already uptodate.

<./FiguresMethods/EL13-eps-converted-to.pdf, id=68, 507.8975pt x 422.57875pt>
File: ./FiguresMethods/EL13-eps-converted-to.pdf Graphic file (type pdf)

<use ./FiguresMethods/EL13-eps-converted-to.pdf>
Package pdftex.def Info: ./FiguresMethods/EL13-eps-converted-to.pdf used on inp
ut line 243.
(pdftex.def)             Requested size: 108.04164pt x 89.89189pt.
Package epstopdf Info: Source file: <./FiguresMethods/TemplateEL2.eps>
(epstopdf)                    date: 2015-06-22 02:46:15
(epstopdf)                    size: 11961 bytes
(epstopdf)             Output file: <./FiguresMethods/TemplateEL2-eps-converted
-to.pdf>
(epstopdf)                    date: 2015-06-22 02:51:30
(epstopdf)                    size: 7422 bytes
(epstopdf)             Command: <repstopdf --outfile=./FiguresMethods/TemplateE
L2-eps-converted-to.pdf ./FiguresMethods/TemplateEL2.eps>
(epstopdf)             \includegraphics on input line 248.
Package epstopdf Info: Output file is already uptodate.

<./FiguresMethods/TemplateEL2-eps-converted-to.pdf, id=69, 508.90125pt x 422.57
875pt>
File: ./FiguresMethods/TemplateEL2-eps-converted-to.pdf Graphic file (type pdf)

 <use ./FiguresMethods/TemplateEL2-eps-converted-to.pdf>
Package pdftex.def Info: ./FiguresMethods/TemplateEL2-eps-converted-to.pdf used
 on input line 248.
(pdftex.def)             Requested size: 108.04164pt x 89.71135pt.
Package epstopdf Info: Source file: <./FiguresMethods/EL21.eps>
(epstopdf)                    date: 2015-06-22 02:46:13
(epstopdf)                    size: 15488 bytes
(epstopdf)             Output file: <./FiguresMethods/EL21-eps-converted-to.pdf
>
(epstopdf)                    date: 2015-06-22 02:51:31
(epstopdf)                    size: 8244 bytes
(epstopdf)             Command: <repstopdf --outfile=./FiguresMethods/EL21-eps-
converted-to.pdf ./FiguresMethods/EL21.eps>
(epstopdf)             \includegraphics on input line 252.
Package epstopdf Info: Output file is already uptodate.

<./FiguresMethods/EL21-eps-converted-to.pdf, id=70, 507.8975pt x 422.57875pt>
File: ./FiguresMethods/EL21-eps-converted-to.pdf Graphic file (type pdf)

<use ./FiguresMethods/EL21-eps-converted-to.pdf>
Package pdftex.def Info: ./FiguresMethods/EL21-eps-converted-to.pdf used on inp
ut line 252.
(pdftex.def)             Requested size: 108.04164pt x 89.89189pt.
Package epstopdf Info: Source file: <./FiguresMethods/EL22.eps>
(epstopdf)                    date: 2015-06-22 02:46:14
(epstopdf)                    size: 15565 bytes
(epstopdf)             Output file: <./FiguresMethods/EL22-eps-converted-to.pdf
>
(epstopdf)                    date: 2015-06-22 02:51:32
(epstopdf)                    size: 8139 bytes
(epstopdf)             Command: <repstopdf --outfile=./FiguresMethods/EL22-eps-
converted-to.pdf ./FiguresMethods/EL22.eps>
(epstopdf)             \includegraphics on input line 256.
Package epstopdf Info: Output file is already uptodate.

<./FiguresMethods/EL22-eps-converted-to.pdf, id=71, 507.8975pt x 422.57875pt>
File: ./FiguresMethods/EL22-eps-converted-to.pdf Graphic file (type pdf)

<use ./FiguresMethods/EL22-eps-converted-to.pdf>
Package pdftex.def Info: ./FiguresMethods/EL22-eps-converted-to.pdf used on inp
ut line 256.
(pdftex.def)             Requested size: 108.04164pt x 89.89189pt.
Package epstopdf Info: Source file: <./FiguresMethods/EL23.eps>
(epstopdf)                    date: 2015-06-22 02:46:14
(epstopdf)                    size: 15595 bytes
(epstopdf)             Output file: <./FiguresMethods/EL23-eps-converted-to.pdf
>
(epstopdf)                    date: 2015-06-22 02:51:34
(epstopdf)                    size: 8083 bytes
(epstopdf)             Command: <repstopdf --outfile=./FiguresMethods/EL23-eps-
converted-to.pdf ./FiguresMethods/EL23.eps>
(epstopdf)             \includegraphics on input line 260.
Package epstopdf Info: Output file is already uptodate.

<./FiguresMethods/EL23-eps-converted-to.pdf, id=72, 507.8975pt x 422.57875pt>
File: ./FiguresMethods/EL23-eps-converted-to.pdf Graphic file (type pdf)

<use ./FiguresMethods/EL23-eps-converted-to.pdf>
Package pdftex.def Info: ./FiguresMethods/EL23-eps-converted-to.pdf used on inp
ut line 260.
(pdftex.def)             Requested size: 108.04164pt x 89.89189pt.
Package epstopdf Info: Source file: <./FiguresMethods/AlgExample/Act0.eps>
(epstopdf)                    date: 2015-06-22 15:43:29
(epstopdf)                    size: 16053 bytes
(epstopdf)             Output file: <./FiguresMethods/AlgExample/Act0-eps-conve
rted-to.pdf>
(epstopdf)                    date: 2015-06-22 15:49:34
(epstopdf)                    size: 11256 bytes
(epstopdf)             Command: <repstopdf --outfile=./FiguresMethods/AlgExampl
e/Act0-eps-converted-to.pdf ./FiguresMethods/AlgExample/Act0.eps>
(epstopdf)             \includegraphics on input line 272.
Package epstopdf Info: Output file is already uptodate.

<./FiguresMethods/AlgExample/Act0-eps-converted-to.pdf, id=73, 508.90125pt x 43
3.62pt>
File: ./FiguresMethods/AlgExample/Act0-eps-converted-to.pdf Graphic file (type 
pdf)
 <use ./FiguresMethods/AlgExample/Act0-eps-converted-to.pdf>
Package pdftex.def Info: ./FiguresMethods/AlgExample/Act0-eps-converted-to.pdf 
used on input line 272.
(pdftex.def)             Requested size: 150.32504pt x 128.08882pt.
Package epstopdf Info: Source file: <./FiguresMethods/AlgExample/Act2.eps>
(epstopdf)                    date: 2015-06-22 15:15:07
(epstopdf)                    size: 13548 bytes
(epstopdf)             Output file: <./FiguresMethods/AlgExample/Act2-eps-conve
rted-to.pdf>
(epstopdf)                    date: 2015-06-22 15:49:35
(epstopdf)                    size: 11727 bytes
(epstopdf)             Command: <repstopdf --outfile=./FiguresMethods/AlgExampl
e/Act2-eps-converted-to.pdf ./FiguresMethods/AlgExample/Act2.eps>
(epstopdf)             \includegraphics on input line 276.
Package epstopdf Info: Output file is already uptodate.

<./FiguresMethods/AlgExample/Act2-eps-converted-to.pdf, id=74, 508.90125pt x 43
3.62pt>
File: ./FiguresMethods/AlgExample/Act2-eps-converted-to.pdf Graphic file (type 
pdf)
 <use ./FiguresMethods/AlgExample/Act2-eps-converted-to.pdf>
Package pdftex.def Info: ./FiguresMethods/AlgExample/Act2-eps-converted-to.pdf 
used on input line 276.
(pdftex.def)             Requested size: 150.32504pt x 128.08882pt.
Package epstopdf Info: Source file: <./FiguresMethods/AlgExample/Act3.eps>
(epstopdf)                    date: 2015-06-22 15:15:08
(epstopdf)                    size: 13342 bytes
(epstopdf)             Output file: <./FiguresMethods/AlgExample/Act3-eps-conve
rted-to.pdf>
(epstopdf)                    date: 2015-06-22 15:49:37
(epstopdf)                    size: 11344 bytes
(epstopdf)             Command: <repstopdf --outfile=./FiguresMethods/AlgExampl
e/Act3-eps-converted-to.pdf ./FiguresMethods/AlgExample/Act3.eps>
(epstopdf)             \includegraphics on input line 280.
Package epstopdf Info: Output file is already uptodate.

<./FiguresMethods/AlgExample/Act3-eps-converted-to.pdf, id=75, 508.90125pt x 43
3.62pt>
File: ./FiguresMethods/AlgExample/Act3-eps-converted-to.pdf Graphic file (type 
pdf)
 <use ./FiguresMethods/AlgExample/Act3-eps-converted-to.pdf>
Package pdftex.def Info: ./FiguresMethods/AlgExample/Act3-eps-converted-to.pdf 
used on input line 280.
(pdftex.def)             Requested size: 150.32504pt x 128.08882pt.
Package epstopdf Info: Source file: <./FiguresMethods/AlgExample/A0.eps>
(epstopdf)                    date: 2015-06-22 14:00:27
(epstopdf)                    size: 21784 bytes
(epstopdf)             Output file: <./FiguresMethods/AlgExample/A0-eps-convert
ed-to.pdf>
(epstopdf)                    date: 2015-06-22 15:49:38
(epstopdf)                    size: 11494 bytes
(epstopdf)             Command: <repstopdf --outfile=./FiguresMethods/AlgExampl
e/A0-eps-converted-to.pdf ./FiguresMethods/AlgExample/A0.eps>
(epstopdf)             \includegraphics on input line 285.
Package epstopdf Info: Output file is already uptodate.

<./FiguresMethods/AlgExample/A0-eps-converted-to.pdf, id=76, 527.9725pt x 432.6
1626pt>
File: ./FiguresMethods/AlgExample/A0-eps-converted-to.pdf Graphic file (type pd
f)
 <use ./FiguresMethods/AlgExample/A0-eps-converted-to.pdf>
Package pdftex.def Info: ./FiguresMethods/AlgExample/A0-eps-converted-to.pdf us
ed on input line 285.
(pdftex.def)             Requested size: 150.32504pt x 123.1715pt.
Package epstopdf Info: Source file: <./FiguresMethods/AlgExample/A2.eps>
(epstopdf)                    date: 2015-06-22 14:24:12
(epstopdf)                    size: 22014 bytes
(epstopdf)             Output file: <./FiguresMethods/AlgExample/A2-eps-convert
ed-to.pdf>
(epstopdf)                    date: 2015-06-22 15:49:39
(epstopdf)                    size: 11713 bytes
(epstopdf)             Command: <repstopdf --outfile=./FiguresMethods/AlgExampl
e/A2-eps-converted-to.pdf ./FiguresMethods/AlgExample/A2.eps>
(epstopdf)             \includegraphics on input line 289.
Package epstopdf Info: Output file is already uptodate.

<./FiguresMethods/AlgExample/A2-eps-converted-to.pdf, id=77, 527.9725pt x 432.6
1626pt>
File: ./FiguresMethods/AlgExample/A2-eps-converted-to.pdf Graphic file (type pd
f)
 <use ./FiguresMethods/AlgExample/A2-eps-converted-to.pdf>
Package pdftex.def Info: ./FiguresMethods/AlgExample/A2-eps-converted-to.pdf us
ed on input line 289.
(pdftex.def)             Requested size: 150.32504pt x 123.1715pt.
Package epstopdf Info: Source file: <./FiguresMethods/AlgExample/A3.eps>
(epstopdf)                    date: 2015-06-22 14:24:13
(epstopdf)                    size: 21631 bytes
(epstopdf)             Output file: <./FiguresMethods/AlgExample/A3-eps-convert
ed-to.pdf>
(epstopdf)                    date: 2015-06-22 15:49:40
(epstopdf)                    size: 11372 bytes
(epstopdf)             Command: <repstopdf --outfile=./FiguresMethods/AlgExampl
e/A3-eps-converted-to.pdf ./FiguresMethods/AlgExample/A3.eps>
(epstopdf)             \includegraphics on input line 293.
Package epstopdf Info: Output file is already uptodate.

<./FiguresMethods/AlgExample/A3-eps-converted-to.pdf, id=78, 527.9725pt x 432.6
1626pt>
File: ./FiguresMethods/AlgExample/A3-eps-converted-to.pdf Graphic file (type pd
f)
 <use ./FiguresMethods/AlgExample/A3-eps-converted-to.pdf>
Package pdftex.def Info: ./FiguresMethods/AlgExample/A3-eps-converted-to.pdf us
ed on input line 293.
(pdftex.def)             Requested size: 150.32504pt x 123.1715pt.
Package epstopdf Info: Source file: <././ResultsFigures/Barplots.eps>
(epstopdf)                    date: 2015-07-03 16:16:59
(epstopdf)                    size: 11389 bytes
(epstopdf)             Output file: <././ResultsFigures/Barplots-eps-converted-
to.pdf>
(epstopdf)                    date: 2015-07-03 16:17:05
(epstopdf)                    size: 7908 bytes
(epstopdf)             Command: <repstopdf --outfile=././ResultsFigures/Barplot
s-eps-converted-to.pdf ././ResultsFigures/Barplots.eps>
(epstopdf)             \includegraphics on input line 304.
Package epstopdf Info: Output file is already uptodate.

<././ResultsFigures/Barplots-eps-converted-to.pdf, id=79, 497.86pt x 425.59pt>
File: ././ResultsFigures/Barplots-eps-converted-to.pdf Graphic file (type pdf)

<use ././ResultsFigures/Barplots-eps-converted-to.pdf>
Package pdftex.def Info: ././ResultsFigures/Barplots-eps-converted-to.pdf used 
on input line 304.
(pdftex.def)             Requested size: 234.8775pt x 200.78711pt.
Package epstopdf Info: Source file: <././ResultsFigures/ScatterAll.eps>
(epstopdf)                    date: 2015-07-03 02:14:35
(epstopdf)                    size: 6527087 bytes
(epstopdf)             Output file: <././ResultsFigures/ScatterAll-eps-converte
d-to.pdf>
(epstopdf)                    date: 2015-07-03 03:10:52
(epstopdf)                    size: 26947 bytes
(epstopdf)             Command: <repstopdf --outfile=././ResultsFigures/Scatter
All-eps-converted-to.pdf ././ResultsFigures/ScatterAll.eps>
(epstopdf)             \includegraphics on input line 309.
Package epstopdf Info: Output file is already uptodate.

<././ResultsFigures/ScatterAll-eps-converted-to.pdf, id=80, 506.89375pt x 435.6
275pt>
File: ././ResultsFigures/ScatterAll-eps-converted-to.pdf Graphic file (type pdf
)
 <use ././ResultsFigures/ScatterAll-eps-converted-to.pdf>
Package pdftex.def Info: ././ResultsFigures/ScatterAll-eps-converted-to.pdf use
d on input line 309.
(pdftex.def)             Requested size: 234.8775pt x 201.85344pt.

Overfull \hbox (2.28001pt too wide) in paragraph at lines 303--313
 [][] [] 
 []

Package epstopdf Info: Source file: <././ResultsFigures/HumanActSeveralNeurons.
eps>
(epstopdf)                    date: 2015-07-03 02:46:00
(epstopdf)                    size: 114791 bytes
(epstopdf)             Output file: <././ResultsFigures/HumanActSeveralNeurons-
eps-converted-to.pdf>
(epstopdf)                    date: 2015-07-03 03:43:58
(epstopdf)                    size: 79943 bytes
(epstopdf)             Command: <repstopdf --outfile=././ResultsFigures/HumanAc
tSeveralNeurons-eps-converted-to.pdf ././ResultsFigures/HumanActSeveralNeurons.
eps>
(epstopdf)             \includegraphics on input line 321.
Package epstopdf Info: Output file is already uptodate.

<././ResultsFigures/HumanActSeveralNeurons-eps-converted-to.pdf, id=81, 455.702
5pt x 231.86626pt>
File: ././ResultsFigures/HumanActSeveralNeurons-eps-converted-to.pdf Graphic fi
le (type pdf)

<use ././ResultsFigures/HumanActSeveralNeurons-eps-converted-to.pdf>
Package pdftex.def Info: ././ResultsFigures/HumanActSeveralNeurons-eps-converte
d-to.pdf used on input line 321.
(pdftex.def)             Requested size: 375.80544pt x 191.21771pt.
Package epstopdf Info: Source file: <././ResultsFigures/AlgActSeveralNeurons.ep
s>
(epstopdf)                    date: 2015-07-03 02:46:05
(epstopdf)                    size: 114634 bytes
(epstopdf)             Output file: <././ResultsFigures/AlgActSeveralNeurons-ep
s-converted-to.pdf>
(epstopdf)                    date: 2015-07-03 03:44:03
(epstopdf)                    size: 79556 bytes
(epstopdf)             Command: <repstopdf --outfile=././ResultsFigures/AlgActS
everalNeurons-eps-converted-to.pdf ././ResultsFigures/AlgActSeveralNeurons.eps>

(epstopdf)             \includegraphics on input line 326.
Package epstopdf Info: Output file is already uptodate.

<././ResultsFigures/AlgActSeveralNeurons-eps-converted-to.pdf, id=82, 455.7025p
t x 231.86626pt>
File: ././ResultsFigures/AlgActSeveralNeurons-eps-converted-to.pdf Graphic file
 (type pdf)

<use ././ResultsFigures/AlgActSeveralNeurons-eps-converted-to.pdf>
Package pdftex.def Info: ././ResultsFigures/AlgActSeveralNeurons-eps-converted-
to.pdf used on input line 326.
(pdftex.def)             Requested size: 375.80544pt x 191.21771pt.

(./Methods_ElectricalArtifact.bbl [14 <./FiguresMethods/ArtTraceS1-eps-converte
d-to.pdf> <./FiguresMethods/ArtTraceS2-eps-converted-to.pdf> <./FiguresMethods/
ArtTraceNS-eps-converted-to.pdf> <./FiguresMethods/ArtMeanS1-eps-converted-to.p
df> <./FiguresMethods/ArtMeanS2-eps-converted-to.pdf> <./FiguresMethods/ArtMean
sNS-eps-converted-to.pdf>] [15 <./FiguresMethods/TemplateEL1-eps-converted-to.p
df> <./FiguresMethods/EL11-eps-converted-to.pdf> <./FiguresMethods/EL12-eps-con
verted-to.pdf> <./FiguresMethods/EL13-eps-converted-to.pdf> <./FiguresMethods/T
emplateEL2-eps-converted-to.pdf> <./FiguresMethods/EL21-eps-converted-to.pdf> <
./FiguresMethods/EL22-eps-converted-to.pdf> <./FiguresMethods/EL23-eps-converte
d-to.pdf>]
Missing character: There is no Å in font ptmr7t!
Missing character: There is no ‚ in font ptmr7t!
Missing character: There is no Å in font ptmr7t!
Missing character: There is no ‚ in font ptmr7t!
Missing character: There is no Å in font ptmr7t!
Missing character: There is no ‚ in font ptmr7t!
 [16 <./FiguresMethods/AlgExample/Act0-eps-converted-to.pdf> <./FiguresMethods/
AlgExample/Act2-eps-converted-to.pdf> <./FiguresMethods/AlgExample/Act3-eps-con
verted-to.pdf> <./FiguresMethods/AlgExample/A0-eps-converted-to.pdf> <./Figures
Methods/AlgExample/A2-eps-converted-to.pdf> <./FiguresMethods/AlgExample/A3-eps
-converted-to.pdf>]
Missing character: There is no Ã in font ptmr7t!
Missing character: There is no ¤ in font ptmr7t!
Missing character: There is no Ã in font ptmr7t!
Missing character: There is no © in font ptmr7t!
Missing character: There is no Ã in font ptmr7t!
Missing character: There is no © in font ptmr7t!
 [17 <././ResultsFigures/Barplots-eps-converted-to.pdf> <././ResultsFigures/Sca
tterAll-eps-converted-to.pdf>] [18 <././ResultsFigures/HumanActSeveralNeurons-e
ps-converted-to.pdf> <././ResultsFigures/AlgActSeveralNeurons-eps-converted-to.
pdf>]) [19] (./Methods_ElectricalArtifact.aux)

LaTeX Warning: There were multiply-defined labels.

 ) 
Here is how much of TeX's memory you used:
 4129 strings out of 493117
 63928 string characters out of 6135433
 145473 words of memory out of 5000000
 7469 multiletter control sequences out of 15000+600000
 33156 words of font info for 76 fonts, out of 8000000 for 9000
 1141 hyphenation exceptions out of 8191
 38i,10n,38p,3827b,473s stack positions out of 5000i,500n,10000p,200000b,80000s
{/usr/local/texlive/2014/texmf-dist/fonts/enc/dvips/base/8r.enc}</usr/local/t
exlive/2014/texmf-dist/fonts/type1/public/amsfonts/cm/cmex10.pfb></usr/local/te
xlive/2014/texmf-dist/fonts/type1/public/amsfonts/cm/cmmi10.pfb></usr/local/tex
live/2014/texmf-dist/fonts/type1/public/amsfonts/cm/cmmi12.pfb></usr/local/texl
ive/2014/texmf-dist/fonts/type1/public/amsfonts/cm/cmmi6.pfb></usr/local/texliv
e/2014/texmf-dist/fonts/type1/public/amsfonts/cm/cmmi8.pfb></usr/local/texlive/
2014/texmf-dist/fonts/type1/public/amsfonts/cm/cmr10.pfb></usr/local/texlive/20
14/texmf-dist/fonts/type1/public/amsfonts/cm/cmr12.pfb></usr/local/texlive/2014
/texmf-dist/fonts/type1/public/amsfonts/cm/cmr6.pfb></usr/local/texlive/2014/te
xmf-dist/fonts/type1/public/amsfonts/cm/cmr8.pfb></usr/local/texlive/2014/texmf
-dist/fonts/type1/public/amsfonts/cm/cmsy10.pfb></usr/local/texlive/2014/texmf-
dist/fonts/type1/public/amsfonts/cm/cmsy6.pfb></usr/local/texlive/2014/texmf-di
st/fonts/type1/public/amsfonts/cm/cmsy8.pfb></usr/local/texlive/2014/texmf-dist
/fonts/type1/urw/times/utmb8a.pfb></usr/local/texlive/2014/texmf-dist/fonts/typ
e1/urw/times/utmr8a.pfb></usr/local/texlive/2014/texmf-dist/fonts/type1/urw/tim
es/utmri8a.pfb>
Output written on Methods_ElectricalArtifact.pdf (19 pages, 523647 bytes).
PDF statistics:
 316 PDF objects out of 1000 (max. 8388607)
 218 compressed objects within 3 object streams
 0 named destinations out of 1000 (max. 500000)
 121 words of extra memory for PDF output out of 10000 (max. 10000000)

